{
  "Cucumber Features": {
    "coverage": {
      "/Users/YoungNguyen/Documents/Spring 2015/CS169/Project/iteration4-1/update/thai/redeemify/app/controllers/application_controller.rb": [
        1,
        null,
        null,
        1,
        1,
        null,
        1,
        null,
        1,
        115,
        null,
        1,
        null,
        1,
        null,
        null
      ],
      "/Users/YoungNguyen/Documents/Spring 2015/CS169/Project/iteration4-1/update/thai/redeemify/app/helpers/application_helper.rb": [
        1,
        null
      ],
      "/Users/YoungNguyen/Documents/Spring 2015/CS169/Project/iteration4-1/update/thai/redeemify/app/helpers/sessions_helper.rb": [
        1,
        null
      ],
      "/Users/YoungNguyen/Documents/Spring 2015/CS169/Project/iteration4-1/update/thai/redeemify/app/models/admin_user.rb": [
        1,
        null,
        null,
        1,
        null,
        null,
        null,
        1,
        null,
        null
      ],
      "/Users/YoungNguyen/Documents/Spring 2015/CS169/Project/iteration4-1/update/thai/redeemify/app/admin/admin_user.rb": [
        1,
        1,
        1,
        0,
        0,
        0,
        0,
        0,
        null,
        null,
        1,
        null,
        1,
        0,
        0,
        0,
        0,
        null,
        0,
        null,
        null
      ],
      "/Users/YoungNguyen/Documents/Spring 2015/CS169/Project/iteration4-1/update/thai/redeemify/app/admin/dashboard.rb": [
        1,
        null,
        1,
        null,
        1,
        0,
        0,
        0,
        0,
        null,
        null,
        null,
        null,
        null,
        null,
        null,
        null,
        null,
        null,
        null,
        null,
        null,
        null,
        null,
        null,
        null,
        null,
        null,
        null,
        null,
        null,
        null,
        null
      ],
      "/Users/YoungNguyen/Documents/Spring 2015/CS169/Project/iteration4-1/update/thai/redeemify/app/admin/provider_codes.rb": [
        1,
        1,
        1,
        0,
        0,
        0,
        0,
        0,
        null,
        1,
        1,
        1,
        null
      ],
      "/Users/YoungNguyen/Documents/Spring 2015/CS169/Project/iteration4-1/update/thai/redeemify/app/models/provider_code.rb": [
        1,
        1,
        1,
        1,
        null
      ],
      "/Users/YoungNguyen/Documents/Spring 2015/CS169/Project/iteration4-1/update/thai/redeemify/app/admin/providers.rb": [
        1,
        1,
        1,
        0,
        0,
        0,
        null,
        0,
        0,
        null,
        0,
        0,
        null,
        0,
        0,
        0,
        0,
        0,
        null,
        null,
        1,
        null,
        1,
        0,
        0,
        0,
        0,
        null,
        0,
        null,
        null
      ],
      "/Users/YoungNguyen/Documents/Spring 2015/CS169/Project/iteration4-1/update/thai/redeemify/app/models/provider.rb": [
        1,
        1,
        1,
        null,
        1,
        null,
        1,
        11,
        11,
        11,
        11,
        null,
        null,
        null,
        null
      ],
      "/Users/YoungNguyen/Documents/Spring 2015/CS169/Project/iteration4-1/update/thai/redeemify/app/admin/users.rb": [
        1,
        1,
        1,
        0,
        0,
        0,
        0,
        0,
        0,
        0,
        0,
        0,
        null,
        null,
        1,
        1,
        null,
        1,
        0,
        0,
        0,
        null,
        0,
        null,
        null
      ],
      "/Users/YoungNguyen/Documents/Spring 2015/CS169/Project/iteration4-1/update/thai/redeemify/app/models/user.rb": [
        1,
        1,
        1,
        5,
        5,
        5,
        5,
        5,
        null,
        null,
        null
      ],
      "/Users/YoungNguyen/Documents/Spring 2015/CS169/Project/iteration4-1/update/thai/redeemify/app/admin/vendor_codes.rb": [
        1,
        1,
        1,
        0,
        0,
        0,
        0,
        0,
        null,
        null,
        null,
        1,
        1,
        1,
        1,
        null
      ],
      "/Users/YoungNguyen/Documents/Spring 2015/CS169/Project/iteration4-1/update/thai/redeemify/app/models/vendor_code.rb": [
        1,
        1,
        1,
        1,
        null
      ],
      "/Users/YoungNguyen/Documents/Spring 2015/CS169/Project/iteration4-1/update/thai/redeemify/app/admin/vendors.rb": [
        1,
        1,
        1,
        0,
        0,
        0,
        0,
        0,
        0,
        0,
        null,
        0,
        0,
        null,
        0,
        0,
        null,
        null,
        0,
        null,
        0,
        0,
        0,
        0,
        null,
        null,
        1,
        null,
        1,
        0,
        0,
        0,
        0,
        0,
        null,
        0,
        null,
        null
      ],
      "/Users/YoungNguyen/Documents/Spring 2015/CS169/Project/iteration4-1/update/thai/redeemify/app/models/vendor.rb": [
        1,
        null,
        1,
        1,
        1,
        null,
        1,
        12,
        12,
        12,
        12,
        12,
        null,
        null,
        null,
        1,
        6,
        6,
        6,
        6,
        18,
        18,
        18,
        9,
        null,
        null,
        9,
        null,
        18,
        null,
        null,
        6,
        6,
        null,
        6,
        6,
        4,
        null,
        2,
        null,
        6,
        6,
        6,
        null,
        null,
        null,
        null,
        null,
        1,
        7,
        null,
        null,
        1,
        3,
        3,
        2,
        null,
        1,
        null,
        null,
        3,
        3,
        null,
        3,
        3,
        3,
        null,
        3,
        3,
        10,
        10,
        null,
        3,
        3,
        null,
        3,
        null,
        null,
        null,
        1,
        6,
        null,
        6,
        6,
        8,
        8,
        null,
        6,
        null,
        6,
        null,
        null,
        null,
        null,
        null
      ],
      "/Users/YoungNguyen/Documents/Spring 2015/CS169/Project/iteration4-1/update/thai/redeemify/app/controllers/providers_controller.rb": [
        1,
        null,
        1,
        null,
        null,
        1,
        3,
        0,
        null,
        3,
        null,
        3,
        3,
        null,
        null,
        null,
        null,
        null,
        1,
        7,
        7,
        null,
        7,
        null,
        7,
        3,
        null,
        null,
        7,
        7,
        7,
        null,
        null,
        null,
        null,
        1,
        3,
        3,
        null,
        null,
        null,
        1,
        1,
        1,
        1,
        0,
        null,
        1,
        1,
        null,
        null,
        null,
        1,
        1,
        1,
        0,
        null,
        1,
        1,
        null,
        null,
        null,
        null,
        null,
        1,
        null,
        null,
        1,
        null,
        null,
        null,
        null,
        1,
        null,
        null,
        1,
        null,
        null,
        1,
        null,
        null,
        1,
        null,
        null,
        1,
        null,
        null,
        1,
        null,
        null,
        null,
        null
      ],
      "/Users/YoungNguyen/Documents/Spring 2015/CS169/Project/iteration4-1/update/thai/redeemify/app/controllers/sessions_controller.rb": [
        1,
        null,
        1,
        35,
        1,
        null,
        35,
        28,
        null,
        7,
        7,
        null,
        0,
        null,
        null,
        null,
        null,
        null,
        1,
        22,
        null,
        22,
        22,
        3,
        3,
        null,
        19,
        19,
        8,
        8,
        null,
        11,
        null,
        11,
        11,
        5,
        null,
        6,
        null,
        null,
        null,
        null,
        null,
        null,
        1,
        13,
        13,
        null,
        13,
        null,
        13,
        7,
        7,
        null,
        6,
        6,
        6,
        6,
        null,
        null,
        6,
        null,
        6,
        6,
        null,
        6,
        null,
        6,
        3,
        3,
        2,
        2,
        2,
        null,
        2,
        2,
        2,
        null,
        1,
        1,
        null,
        3,
        3,
        3,
        3,
        3,
        3,
        null,
        null,
        null,
        1,
        null,
        null,
        null,
        null,
        6,
        6,
        null,
        6,
        6,
        6,
        6,
        4,
        4,
        4,
        4,
        4,
        4,
        4,
        4,
        4,
        null,
        2,
        2,
        1,
        1,
        1,
        null,
        1,
        1,
        1,
        null,
        1,
        1,
        null,
        2,
        2,
        2,
        2,
        2,
        2,
        null,
        null,
        null,
        null,
        13,
        1,
        null,
        null,
        null,
        null,
        null,
        1,
        null,
        null,
        null,
        1,
        1,
        1,
        1,
        1,
        1,
        null,
        1,
        1,
        0,
        0,
        0,
        null,
        null,
        null,
        1,
        1,
        null,
        null,
        null,
        null,
        1,
        7,
        7,
        7,
        7,
        7,
        null,
        null,
        null,
        null,
        1,
        1,
        null,
        null,
        1,
        1,
        1,
        null,
        null,
        1,
        null,
        null,
        1,
        null,
        null,
        1,
        null,
        null,
        1,
        null,
        null,
        1,
        null,
        null,
        1,
        null,
        null,
        null,
        null
      ],
      "/Users/YoungNguyen/Documents/Spring 2015/CS169/Project/iteration4-1/update/thai/redeemify/app/controllers/vendors_controller.rb": [
        1,
        1,
        null,
        1,
        null,
        1,
        null,
        null,
        null,
        1,
        3,
        0,
        null,
        3,
        3,
        3,
        null,
        null,
        null,
        null,
        null,
        1,
        20,
        null,
        20,
        20,
        3,
        null,
        null,
        20,
        20,
        20,
        null,
        null,
        null,
        null,
        1,
        3,
        3,
        null,
        null,
        null,
        1,
        7,
        7,
        null,
        null,
        1,
        7,
        null,
        7,
        7,
        7,
        7,
        null,
        7,
        7,
        7,
        7,
        null,
        7,
        7,
        null,
        null,
        1,
        2,
        2,
        2,
        0,
        null,
        2,
        2,
        null,
        null,
        null,
        null,
        1,
        1,
        1,
        0,
        null,
        1,
        1,
        null,
        null,
        null,
        1,
        1,
        1,
        1,
        1,
        null,
        1,
        1,
        1,
        null,
        0,
        null,
        null,
        null,
        null,
        null,
        null
      ]
    },
    "timestamp": 1430546522
  },
  "RSpec": {
    "coverage": {
      "/Users/YoungNguyen/Documents/Spring 2015/CS169/Project/iteration4-1/update/thai/redeemify/app/controllers/application_controller.rb": [
        1,
        null,
        null,
        1,
        1,
        null,
        1,
        null,
        1,
        6,
        null,
        1,
        null,
        1,
        null,
        null
      ],
      "/Users/YoungNguyen/Documents/Spring 2015/CS169/Project/iteration4-1/update/thai/redeemify/app/helpers/application_helper.rb": [
        1,
        null
      ],
      "/Users/YoungNguyen/Documents/Spring 2015/CS169/Project/iteration4-1/update/thai/redeemify/app/helpers/sessions_helper.rb": [
        1,
        null
      ],
      "/Users/YoungNguyen/Documents/Spring 2015/CS169/Project/iteration4-1/update/thai/redeemify/app/models/admin_user.rb": [
        1,
        null,
        null,
        1,
        null,
        null,
        null,
        1,
        null,
        null
      ],
      "/Users/YoungNguyen/Documents/Spring 2015/CS169/Project/iteration4-1/update/thai/redeemify/app/admin/admin_user.rb": [
        1,
        1,
        1,
        0,
        0,
        0,
        0,
        0,
        null,
        null,
        1,
        null,
        1,
        0,
        0,
        0,
        0,
        null,
        0,
        null,
        null
      ],
      "/Users/YoungNguyen/Documents/Spring 2015/CS169/Project/iteration4-1/update/thai/redeemify/app/admin/dashboard.rb": [
        1,
        null,
        1,
        null,
        1,
        0,
        0,
        0,
        0,
        null,
        null,
        null,
        null,
        null,
        null,
        null,
        null,
        null,
        null,
        null,
        null,
        null,
        null,
        null,
        null,
        null,
        null,
        null,
        null,
        null,
        null,
        null,
        null
      ],
      "/Users/YoungNguyen/Documents/Spring 2015/CS169/Project/iteration4-1/update/thai/redeemify/app/admin/provider_codes.rb": [
        1,
        1,
        1,
        0,
        0,
        0,
        0,
        0,
        null,
        1,
        1,
        1,
        null
      ],
      "/Users/YoungNguyen/Documents/Spring 2015/CS169/Project/iteration4-1/update/thai/redeemify/app/models/provider_code.rb": [
        1,
        1,
        1,
        1,
        null
      ],
      "/Users/YoungNguyen/Documents/Spring 2015/CS169/Project/iteration4-1/update/thai/redeemify/app/admin/providers.rb": [
        1,
        1,
        1,
        0,
        0,
        0,
        null,
        0,
        0,
        null,
        0,
        0,
        null,
        0,
        0,
        0,
        0,
        0,
        null,
        null,
        1,
        null,
        1,
        0,
        0,
        0,
        0,
        null,
        0,
        null,
        null
      ],
      "/Users/YoungNguyen/Documents/Spring 2015/CS169/Project/iteration4-1/update/thai/redeemify/app/models/provider.rb": [
        1,
        1,
        1,
        null,
        1,
        null,
        1,
        1,
        1,
        1,
        1,
        null,
        null,
        null,
        null
      ],
      "/Users/YoungNguyen/Documents/Spring 2015/CS169/Project/iteration4-1/update/thai/redeemify/app/admin/users.rb": [
        1,
        1,
        1,
        0,
        0,
        0,
        0,
        0,
        0,
        0,
        0,
        0,
        null,
        null,
        1,
        1,
        null,
        1,
        0,
        0,
        0,
        null,
        0,
        null,
        null
      ],
      "/Users/YoungNguyen/Documents/Spring 2015/CS169/Project/iteration4-1/update/thai/redeemify/app/models/user.rb": [
        1,
        1,
        1,
        9,
        9,
        9,
        9,
        9,
        null,
        null,
        null
      ],
      "/Users/YoungNguyen/Documents/Spring 2015/CS169/Project/iteration4-1/update/thai/redeemify/app/admin/vendor_codes.rb": [
        1,
        1,
        1,
        0,
        0,
        0,
        0,
        0,
        null,
        null,
        null,
        1,
        1,
        1,
        1,
        null
      ],
      "/Users/YoungNguyen/Documents/Spring 2015/CS169/Project/iteration4-1/update/thai/redeemify/app/models/vendor_code.rb": [
        1,
        1,
        1,
        1,
        null
      ],
      "/Users/YoungNguyen/Documents/Spring 2015/CS169/Project/iteration4-1/update/thai/redeemify/app/admin/vendors.rb": [
        1,
        1,
        1,
        0,
        0,
        0,
        0,
        0,
        0,
        0,
        null,
        0,
        0,
        null,
        0,
        0,
        null,
        null,
        0,
        null,
        0,
        0,
        0,
        0,
        null,
        null,
        1,
        null,
        1,
        0,
        0,
        0,
        0,
        0,
        null,
        0,
        null,
        null
      ],
      "/Users/YoungNguyen/Documents/Spring 2015/CS169/Project/iteration4-1/update/thai/redeemify/app/models/vendor.rb": [
        1,
        null,
        1,
        1,
        1,
        null,
        1,
        2,
        2,
        2,
        2,
        2,
        null,
        null,
        null,
        1,
        0,
        0,
        0,
        0,
        0,
        0,
        0,
        0,
        null,
        null,
        0,
        null,
        0,
        null,
        null,
        0,
        0,
        null,
        0,
        0,
        0,
        null,
        0,
        null,
        0,
        0,
        0,
        null,
        null,
        null,
        null,
        null,
        1,
        0,
        null,
        null,
        1,
        0,
        0,
        0,
        null,
        0,
        null,
        null,
        0,
        0,
        null,
        0,
        0,
        0,
        null,
        0,
        0,
        0,
        0,
        null,
        0,
        0,
        null,
        0,
        null,
        null,
        null,
        1,
        0,
        null,
        0,
        0,
        0,
        0,
        null,
        0,
        null,
        0,
        null,
        null,
        null,
        null,
        null
      ],
      "/Users/YoungNguyen/Documents/Spring 2015/CS169/Project/iteration4-1/update/thai/redeemify/app/controllers/providers_controller.rb": [
        1,
        null,
        1,
        null,
        null,
        1,
        0,
        0,
        null,
        0,
        null,
        0,
        0,
        null,
        null,
        null,
        null,
        null,
        1,
        0,
        0,
        null,
        0,
        null,
        0,
        0,
        null,
        null,
        0,
        0,
        0,
        null,
        null,
        null,
        null,
        1,
        1,
        1,
        null,
        null,
        null,
        1,
        0,
        0,
        0,
        0,
        null,
        0,
        0,
        null,
        null,
        null,
        1,
        0,
        0,
        0,
        null,
        0,
        0,
        null,
        null,
        null,
        null,
        null,
        1,
        null,
        null,
        1,
        null,
        null,
        null,
        null,
        1,
        null,
        null,
        1,
        null,
        null,
        1,
        null,
        null,
        1,
        null,
        null,
        1,
        null,
        null,
        1,
        null,
        null,
        null,
        null
      ],
      "/Users/YoungNguyen/Documents/Spring 2015/CS169/Project/iteration4-1/update/thai/redeemify/app/controllers/sessions_controller.rb": [
        1,
        null,
        1,
        4,
        0,
        null,
        4,
        2,
        null,
        2,
        2,
        null,
        0,
        null,
        null,
        null,
        null,
        null,
        1,
        9,
        null,
        9,
        9,
        0,
        0,
        null,
        9,
        9,
        0,
        0,
        null,
        9,
        null,
        9,
        9,
        9,
        null,
        0,
        null,
        null,
        null,
        null,
        null,
        null,
        1,
        3,
        2,
        null,
        2,
        null,
        2,
        2,
        2,
        null,
        0,
        0,
        0,
        0,
        null,
        null,
        0,
        null,
        0,
        0,
        null,
        0,
        null,
        0,
        0,
        0,
        0,
        0,
        0,
        null,
        0,
        0,
        0,
        null,
        0,
        0,
        null,
        0,
        0,
        0,
        0,
        0,
        0,
        null,
        null,
        null,
        2,
        null,
        null,
        null,
        null,
        0,
        0,
        null,
        0,
        0,
        0,
        0,
        0,
        0,
        0,
        0,
        0,
        0,
        0,
        0,
        0,
        null,
        0,
        0,
        0,
        0,
        0,
        null,
        0,
        0,
        0,
        null,
        0,
        0,
        null,
        0,
        0,
        0,
        0,
        0,
        0,
        null,
        null,
        null,
        null,
        3,
        0,
        null,
        null,
        null,
        null,
        null,
        1,
        null,
        null,
        null,
        1,
        0,
        0,
        0,
        0,
        0,
        null,
        0,
        0,
        0,
        0,
        0,
        null,
        null,
        null,
        0,
        0,
        null,
        null,
        null,
        null,
        1,
        2,
        2,
        2,
        2,
        2,
        null,
        null,
        null,
        null,
        1,
        1,
        null,
        null,
        1,
        0,
        0,
        null,
        null,
        1,
        null,
        null,
        1,
        null,
        null,
        1,
        null,
        null,
        1,
        null,
        null,
        1,
        null,
        null,
        1,
        null,
        null,
        null,
        null
      ],
      "/Users/YoungNguyen/Documents/Spring 2015/CS169/Project/iteration4-1/update/thai/redeemify/app/controllers/vendors_controller.rb": [
        1,
        1,
        null,
        1,
        null,
        1,
        null,
        null,
        null,
        1,
        0,
        0,
        null,
        0,
        0,
        0,
        null,
        null,
        null,
        null,
        null,
        1,
        0,
        null,
        0,
        0,
        0,
        null,
        null,
        0,
        0,
        0,
        null,
        null,
        null,
        null,
        1,
        1,
        1,
        null,
        null,
        null,
        1,
        1,
        1,
        null,
        null,
        1,
        0,
        null,
        0,
        0,
        0,
        0,
        null,
        0,
        0,
        0,
        0,
        null,
        0,
        0,
        null,
        null,
        1,
        0,
        0,
        0,
        0,
        null,
        0,
        0,
        null,
        null,
        null,
        null,
        1,
        0,
        0,
        0,
        null,
        0,
        0,
        null,
        null,
        null,
        1,
        0,
        0,
        0,
        0,
        null,
        0,
        0,
        0,
        null,
        0,
        null,
        null,
        null,
        null,
        null,
        null
      ]
    },
    "timestamp": 1430546514
  }
}
