{
  "RSpec": {
    "coverage": {
      "/home/saasbook/Documents/newThai2/redeemify/app/controllers/application_controller.rb": [
        1,
        null,
        null,
        1,
        1,
        null,
        1,
        null,
        1,
        6,
        null,
        1,
        null,
        1,
        null,
        null
      ],
      "/home/saasbook/Documents/newThai2/redeemify/app/helpers/application_helper.rb": [
        1,
        null
      ],
      "/home/saasbook/Documents/newThai2/redeemify/app/helpers/sessions_helper.rb": [
        1,
        null
      ],
      "/home/saasbook/Documents/newThai2/redeemify/app/controllers/sessions_controller.rb": [
        1,
        null,
        1,
        4,
        2,
        null,
        2,
        2,
        null,
        0,
        null,
        null,
        null,
        null,
        null,
        1,
        null,
        9,
        null,
        9,
        null,
        9,
        0,
        0,
        null,
        9,
        9,
        9,
        null,
        9,
        null,
        0,
        0,
        null,
        null,
        null,
        null,
        null,
        1,
        null,
        3,
        2,
        2,
        null,
        2,
        2,
        2,
        null,
        2,
        2,
        2,
        2,
        2,
        null,
        2,
        0,
        null,
        0,
        0,
        null,
        0,
        0,
        0,
        0,
        null,
        0,
        null,
        null,
        null,
        null,
        null,
        null,
        0,
        0,
        0,
        0,
        0,
        0,
        null,
        0,
        null,
        0,
        0,
        0,
        0,
        null,
        null,
        null,
        null,
        null,
        null,
        1,
        2,
        2,
        null,
        null,
        1,
        1,
        null,
        null,
        null,
        1,
        null,
        null,
        1,
        null,
        null,
        1,
        null,
        null,
        1,
        null,
        null,
        1,
        null,
        null,
        1,
        null,
        null,
        null,
        null
      ],
      "/home/saasbook/Documents/newThai2/redeemify/app/controllers/vendors_controller.rb": [
        1,
        null,
        1,
        null,
        null,
        null,
        1,
        0,
        0,
        0,
        0,
        0,
        0,
        null,
        null,
        null,
        null,
        null,
        null,
        0,
        null,
        null,
        null,
        null,
        null,
        0,
        null,
        null,
        null,
        null,
        1,
        1,
        1,
        null,
        1,
        1,
        null,
        null,
        1,
        1,
        1,
        null,
        null,
        null,
        null,
        1,
        1,
        1,
        1,
        null,
        null,
        0,
        null,
        null,
        null,
        null,
        1,
        1,
        1,
        null,
        null,
        1,
        1,
        1,
        null,
        null,
        null,
        null,
        1,
        null,
        null,
        1,
        null,
        null,
        1,
        1,
        1,
        null,
        null,
        1,
        null,
        null,
        1,
        null,
        null,
        1,
        null,
        null,
        1,
        null,
        null,
        1,
        null,
        null,
        1,
        null,
        null,
        null,
        null
      ],
      "/home/saasbook/Documents/newThai2/redeemify/app/models/vendor.rb": [
        1,
        1,
        1,
        1,
        null,
        1,
        0,
        0,
        0,
        null,
        0,
        null,
        0,
        0,
        0,
        null,
        0,
        null,
        null,
        0,
        0,
        0,
        null,
        0,
        null,
        0,
        null,
        null,
        null,
        null
      ],
      "/home/saasbook/Documents/newThai2/redeemify/app/models/user.rb": [
        1,
        1,
        1,
        9,
        9,
        9,
        9,
        9,
        null,
        null,
        null
      ],
      "/home/saasbook/Documents/newThai2/redeemify/app/models/vendor_code.rb": [
        1,
        1,
        1,
        1,
        null,
        null
      ]
    },
    "timestamp": 1428115838
  },
  "Cucumber Features": {
    "coverage": {
      "/home/saasbook/Documents/newThai2/redeemify/app/controllers/application_controller.rb": [
        1,
        null,
        null,
        1,
        1,
        null,
        1,
        null,
        1,
        82,
        null,
        1,
        null,
        1,
        null,
        null
      ],
      "/home/saasbook/Documents/newThai2/redeemify/app/helpers/application_helper.rb": [
        1,
        null
      ],
      "/home/saasbook/Documents/newThai2/redeemify/app/helpers/sessions_helper.rb": [
        1,
        null
      ],
      "/home/saasbook/Documents/newThai2/redeemify/app/controllers/sessions_controller.rb": [
        1,
        null,
        1,
        18,
        14,
        null,
        4,
        4,
        null,
        0,
        null,
        null,
        null,
        null,
        null,
        1,
        null,
        11,
        null,
        11,
        null,
        11,
        4,
        4,
        null,
        7,
        7,
        4,
        null,
        4,
        null,
        3,
        3,
        null,
        null,
        null,
        null,
        null,
        1,
        null,
        6,
        6,
        6,
        null,
        3,
        3,
        3,
        null,
        3,
        3,
        3,
        3,
        3,
        null,
        3,
        2,
        null,
        2,
        0,
        null,
        0,
        0,
        0,
        0,
        null,
        2,
        null,
        null,
        null,
        null,
        null,
        null,
        3,
        3,
        3,
        3,
        3,
        3,
        null,
        3,
        null,
        0,
        0,
        0,
        0,
        null,
        null,
        null,
        null,
        null,
        null,
        1,
        4,
        4,
        null,
        null,
        1,
        1,
        null,
        null,
        null,
        1,
        null,
        null,
        1,
        null,
        null,
        1,
        null,
        null,
        1,
        null,
        null,
        1,
        null,
        null,
        1,
        null,
        null,
        null,
        null
      ],
      "/home/saasbook/Documents/newThai2/redeemify/app/controllers/vendors_controller.rb": [
        1,
        null,
        1,
        null,
        null,
        null,
        1,
        1,
        1,
        1,
        1,
        1,
        1,
        null,
        null,
        null,
        null,
        null,
        null,
        1,
        null,
        null,
        null,
        null,
        null,
        1,
        null,
        null,
        null,
        null,
        1,
        5,
        5,
        null,
        5,
        5,
        null,
        null,
        5,
        5,
        1,
        null,
        null,
        null,
        null,
        1,
        1,
        1,
        1,
        null,
        null,
        4,
        null,
        null,
        null,
        null,
        1,
        1,
        1,
        null,
        null,
        1,
        0,
        0,
        null,
        null,
        null,
        null,
        1,
        null,
        null,
        1,
        null,
        null,
        null,
        null,
        null,
        null,
        null,
        1,
        null,
        null,
        1,
        null,
        null,
        1,
        null,
        null,
        1,
        null,
        null,
        1,
        null,
        null,
        1,
        null,
        null,
        null,
        null
      ],
      "/home/saasbook/Documents/newThai2/redeemify/app/models/vendor.rb": [
        1,
        1,
        1,
        1,
        null,
        1,
        1,
        1,
        1,
        null,
        2,
        null,
        2,
        2,
        2,
        null,
        1,
        null,
        null,
        1,
        1,
        1,
        null,
        0,
        null,
        1,
        null,
        null,
        null,
        null
      ],
      "/home/saasbook/Documents/newThai2/redeemify/app/models/user.rb": [
        1,
        1,
        1,
        4,
        4,
        4,
        4,
        4,
        null,
        null,
        null
      ],
      "/home/saasbook/Documents/newThai2/redeemify/app/models/vendor_code.rb": [
        1,
        1,
        1,
        1,
        null,
        null
      ]
    },
    "timestamp": 1428116472
  }
}
